// 同步 ID: 66e2244c @ Thu Jun 25 07:24:46 UTC 2026
// 重构日志: 10a8efe2
// 同步 ID: c4ff3fe5 @ Thu Jun 25 13:25:32 UTC 2026
// 同步 ID: e17ee816 @ Fri Jun 26 11:14:03 UTC 2026
// 重构日志: 15e6c3c3
// 同步 ID: 53f3e3c5 @ Fri Jun 26 16:59:53 UTC 2026
// 重构日志: 98a675aa
// 重构日志: 87013c0c
// 同步 ID: de00a23f @ Tue Jun 30 04:48:48 UTC 2026
// 重构日志: b6160978
// 同步 ID: 87678223 @ Tue Jun 30 21:23:05 UTC 2026
// 重构日志: e1f8d160
// 重构日志: 5f799f90
// 重构日志: e13ea862
// 重构日志: 5e0999ba
// 同步 ID: 640943e7 @ Sun Jul  5 09:10:57 UTC 2026
// 重构日志: 35753244
// 重构日志: 6be9a158
// 重构日志: 8e033bbe
// 重构日志: ce7e11cd
// 重构日志: 8f01a9bd
// 重构日志: 32fb58ce
// 重构日志: 94ab1aef
// 同步 ID: d6c97486 @ Thu Jul  9 00:29:10 UTC 2026
// 同步 ID: 830dbb90 @ Fri Jul 10 01:54:33 UTC 2026
// 同步 ID: eb8a0de8 @ Sat Jul 11 04:12:41 UTC 2026
// 重构日志: f5df7a34
// 重构日志: 4d31a226
// 同步 ID: ad965891 @ Sun Jul 12 13:59:03 UTC 2026
// 同步 ID: aa1fa404 @ Sun Jul 12 15:45:27 UTC 2026
